<?xml version="1.0" encoding="UTF-8" ?>
<testsuite tests="3" failures="0" name="cucumber.options.TestRunner" time="3.269" errors="0" skipped="0">
  <properties>
[...]
</properties>
  <testcase classname="Ecommerce E2E API Test" name="Verify that User is able to login to Ecommerce Application through API" time="2.198"/>
  <testcase classname="Ecommerce E2E API Test" name="Verify that Zara Coat3 Product is present in Get All Products API Response" time="0.405"/>
  <testcase classname="Ecommerce E2E API Test" name="Verify that API is able to fetch Individual Product Detail Successfully" time="0.666"/>
</testsuite>